<?xml version="1.0" encoding="UTF-8"?>
<!-- Generated by org.testng.reporters.JUnitReportReporter -->
<testsuite hostname="DESKTOP-9NH4CF8" failures="0" tests="1" name="FirstGetRequest" time="3.008" errors="0" timestamp="2024-06-05T21:46:36 KST" skipped="0">
  <testcase classname="FirstGetRequest" name="testcase01" time="3.008"/>
</testsuite> <!-- FirstGetRequest -->
